<?xml version="1.0" encoding="UTF-8"?>
<!-- Generated by org.testng.reporters.JUnitReportReporter -->
<testsuite hostname="chowhan" failures="0" tests="2" name="runner.CucumberRunnerTests" time="0.207" errors="0" timestamp="2023-07-30T18:43:12 IST" skipped="0">
  <testcase classname="runner.CucumberRunnerTests" name="runScenario" time="0.103"/>
  <system-out/>
  <testcase classname="runner.CucumberRunnerTests" name="runScenario" time="0.104"/>
  <system-out/>
</testsuite> <!-- runner.CucumberRunnerTests -->
